<?xml version="1.0" encoding="UTF-8"?>
<?totaltestVersion 19.2.1.v20180920-0235_707?>
<!--Topaz for Total Test 19.2.1.v20180920-0235_707 Feb 4, 2019 9:37:27 AM-->
<testsuites>
  <testsuite errors="0" failures="2" name="EdsFixPipeline0001.CWXTCOB_Scenario.00001: CWXTCOBCase1" tests="2">
    <testcase classname="EdsFixPipeline0001.CWXTCOB_Scenario.00001: CWXTCOBCase1" name="00001: Check for PARM_LTH">
      <failure>Check for PARM_LTH failed

Actual Value:    

Expected Value:  5</failure>
    </testcase>
    <testcase classname="EdsFixPipeline0001.CWXTCOB_Scenario.00001: CWXTCOBCase1" name="00002: Check for PARM_DATA">
      <failure>Check for PARM_DATA failed

Actual Value:    

Expected Value:  00003</failure>
    </testcase>
  </testsuite>
</testsuites>