<?xml version="1.0" encoding="UTF-8"?>
<?totaltestVersion 19.2.1.v20180920-0235_707?>
<!--Topaz for Total Test 19.2.1.v20180920-0235_707 Feb 4, 2019 9:37:27 AM-->
<testExecutions version="1">
  <file path="C:\Users\ftsvm\git\EdsFixPipeline0001\EdsFixPipeline0001\Unit Test\Scenarios\CWXTCOB_Scenario.testscenario">
    <testCase duration="0" name="EdsFixPipeline0001.CWXTCOB_Scenario.00001: CWXTCOBCase1.00001: Check for PARM_LTH">
      <failure message="Check for PARM_LTH failed">Check for PARM_LTH failed

Actual Value:    

Expected Value:  5</failure>
    </testCase>
    <testCase duration="0" name="EdsFixPipeline0001.CWXTCOB_Scenario.00001: CWXTCOBCase1.00002: Check for PARM_DATA">
      <failure message="Check for PARM_DATA failed">Check for PARM_DATA failed

Actual Value:    

Expected Value:  00003</failure>
    </testCase>
  </file>
  <file path="C:\Users\ftsvm\git\EdsFixPipeline0001\EdsFixPipeline0001\Unit Test\Stubs\CWXTCOB_RPTFILE_WRITE_01.stub"/>
</testExecutions>